{
  "0 debug pnpm:scope": {
    "selected": 1,
    "workspacePrefix": "/Users/leonzalion/projects/AdminControlApp/AdminControl"
  },
  "1 error pnpm": {
    "errno": 2,
    "code": "ELIFECYCLE",
    "pkgid": "@admincontrol/app@",
    "stage": "tc",
    "script": "pnpm run tc:main && npm run tc:preload && npm run tc:renderer",
    "pkgname": "@admincontrol/app",
    "err": {
      "name": "pnpm",
      "message": "@admincontrol/app@ tc: `pnpm run tc:main && npm run tc:preload && npm run tc:renderer`\nExit status 2",
      "code": "ELIFECYCLE",
      "stack": "pnpm: @admincontrol/app@ tc: `pnpm run tc:main && npm run tc:preload && npm run tc:renderer`\nExit status 2\n    at EventEmitter.<anonymous> (/Users/leonzalion/Library/pnpm/nodejs/17.8.0/pnpm-global/5/node_modules/.pnpm/pnpm@6.32.9/node_modules/pnpm/dist/pnpm.cjs:105830:20)\n    at EventEmitter.emit (node:events:527:28)\n    at ChildProcess.<anonymous> (/Users/leonzalion/Library/pnpm/nodejs/17.8.0/pnpm-global/5/node_modules/.pnpm/pnpm@6.32.9/node_modules/pnpm/dist/pnpm.cjs:92391:18)\n    at ChildProcess.emit (node:events:527:28)\n    at maybeClose (node:internal/child_process:1090:16)\n    at Process.ChildProcess._handle.onexit (node:internal/child_process:302:5)"
    }
  }
}