{
  "0 debug pnpm:scope": {
    "selected": 1,
    "workspacePrefix": "/Users/leonzalion/projects/AdminControlApp/AdminControl"
  },
  "1 info pnpm": {
    "err": {
      "name": "Error",
      "message": "not found: build:main",
      "code": "ENOENT",
      "stack": "Error: not found: build:main\n    at getNotFoundError (/Users/leonzalion/Library/pnpm/nodejs/17.8.0/pnpm-global/5/node_modules/.pnpm/pnpm@6.32.9/node_modules/pnpm/dist/pnpm.cjs:41689:51)\n    at Function.whichSync [as sync] (/Users/leonzalion/Library/pnpm/nodejs/17.8.0/pnpm-global/5/node_modules/.pnpm/pnpm@6.32.9/node_modules/pnpm/dist/pnpm.cjs:41766:13)\n    at getCommandAbsolutePathSync (/Users/leonzalion/Library/pnpm/nodejs/17.8.0/pnpm-global/5/node_modules/.pnpm/pnpm@6.32.9/node_modules/pnpm/dist/pnpm.cjs:43331:44)\n    at default_1 (/Users/leonzalion/Library/pnpm/nodejs/17.8.0/pnpm-global/5/node_modules/.pnpm/pnpm@6.32.9/node_modules/pnpm/dist/pnpm.cjs:43340:32)\n    at /Users/leonzalion/Library/pnpm/nodejs/17.8.0/pnpm-global/5/node_modules/.pnpm/pnpm@6.32.9/node_modules/pnpm/dist/pnpm.cjs:178600:39"
    }
  },
  "2 error pnpm": {
    "code": "ERR_PNPM_RECURSIVE_EXEC_FIRST_FAIL",
    "prefix": "/Users/leonzalion/projects/AdminControlApp/AdminControl",
    "err": {
      "name": "pnpm",
      "message": "not found: build:main",
      "code": "ERR_PNPM_RECURSIVE_EXEC_FIRST_FAIL",
      "stack": "Error: not found: build:main\n    at getNotFoundError (/Users/leonzalion/Library/pnpm/nodejs/17.8.0/pnpm-global/5/node_modules/.pnpm/pnpm@6.32.9/node_modules/pnpm/dist/pnpm.cjs:41689:51)\n    at Function.whichSync [as sync] (/Users/leonzalion/Library/pnpm/nodejs/17.8.0/pnpm-global/5/node_modules/.pnpm/pnpm@6.32.9/node_modules/pnpm/dist/pnpm.cjs:41766:13)\n    at getCommandAbsolutePathSync (/Users/leonzalion/Library/pnpm/nodejs/17.8.0/pnpm-global/5/node_modules/.pnpm/pnpm@6.32.9/node_modules/pnpm/dist/pnpm.cjs:43331:44)\n    at default_1 (/Users/leonzalion/Library/pnpm/nodejs/17.8.0/pnpm-global/5/node_modules/.pnpm/pnpm@6.32.9/node_modules/pnpm/dist/pnpm.cjs:43340:32)\n    at /Users/leonzalion/Library/pnpm/nodejs/17.8.0/pnpm-global/5/node_modules/.pnpm/pnpm@6.32.9/node_modules/pnpm/dist/pnpm.cjs:178600:39"
    }
  }
}